<?xml version="1.0" encoding="UTF-8"?>
<testsuite xmlns:xsi="http://www.w3.org/2001/XMLSchema-instance" xsi:schemaLocation="https://maven.apache.org/surefire/maven-surefire-plugin/xsd/surefire-test-report.xsd" name="com.recipe.persistence.UserDaoTest" time="0.262" tests="9" errors="0" skipped="0" failures="0">
  <properties>
[...]
</properties>
  <testcase name="deleteSuccess" classname="com.recipe.persistence.UserDaoTest" time="0.026"/>
  <testcase name="getUserByIdSuccess" classname="com.recipe.persistence.UserDaoTest" time="0.023"/>
  <testcase name="getByPropertyEqualSuccess" classname="com.recipe.persistence.UserDaoTest" time="0.032"/>
  <testcase name="getByPropertyLikeSuccess" classname="com.recipe.persistence.UserDaoTest" time="0.037"/>
  <testcase name="getUserByFirstNameSuccess" classname="com.recipe.persistence.UserDaoTest" time="0.022"/>
  <testcase name="updateSuccess" classname="com.recipe.persistence.UserDaoTest" time="0.042"/>
  <testcase name="getAllUsersSuccess" classname="com.recipe.persistence.UserDaoTest" time="0.047"/>
  <testcase name="insertWithRecipeSuccess" classname="com.recipe.persistence.UserDaoTest" time="0.019"/>
  <testcase name="insertSuccess" classname="com.recipe.persistence.UserDaoTest" time="0.013"/>
</testsuite>